[05:04:02] [ServerMain/INFO]: [bootstrap] Running Java 21 (OpenJDK 64-Bit Server VM 21.0.7+6-Ubuntu-0ubuntu120.04; Ubuntu null) on Linux 6.8.0-1027-azure (amd64)
[05:04:02] [ServerMain/INFO]: [bootstrap] Loading Paper 1.21.1-57-master@b483da4 (2024-09-01T18:09:05Z) for Minecraft 1.21.1
[05:04:02] [ServerMain/INFO]: [PluginInitializerManager] Initializing plugins...
[05:04:03] [Paper Plugin Remapper Thread - 0/INFO]: [ReobfServer] Remapping server...
[05:04:07] [Paper Plugin Remapper Thread - 0/INFO]: [ReobfServer] Done remapping server in 4462ms.
[05:04:07] [Paper Plugin Remapper Thread - 2/INFO]: [PluginRemapper] Remapping plugin 'plugins/Skulls - v3.25.0.jar'...
[05:04:07] [Paper Plugin Remapper Thread - 3/INFO]: [PluginRemapper] Remapping plugin 'plugins/HythiumCore-1.0.0-b1.jar'...
[05:04:07] [Paper Plugin Remapper Thread - 0/INFO]: [PluginRemapper] Remapping plugin 'plugins/PluginManager.jar'...
[05:04:07] [Paper Plugin Remapper Thread - 4/INFO]: [PluginRemapper] Remapping plugin 'plugins/PlaceholderAPI-2.11.6.jar'...
[05:04:07] [Paper Plugin Remapper Thread - 3/INFO]: [PluginRemapper] Done remapping plugin 'plugins/HythiumCore-1.0.0-b1.jar' in 156ms.
[05:04:07] [Paper Plugin Remapper Thread - 0/INFO]: [PluginRemapper] Done remapping plugin 'plugins/PluginManager.jar' in 160ms.
[05:04:07] [Paper Plugin Remapper Thread - 4/INFO]: [PluginRemapper] Done remapping plugin 'plugins/PlaceholderAPI-2.11.6.jar' in 332ms.
[05:04:08] [Paper Plugin Remapper Thread - 2/INFO]: [PluginRemapper] Done remapping plugin 'plugins/Skulls - v3.25.0.jar' in 463ms.
[05:04:08] [ServerMain/INFO]: [PluginInitializerManager] Initialized 7 plugins
[05:04:08] [ServerMain/INFO]: [PluginInitializerManager] Bukkit plugins (7):
 - HythiumCore (1.0.0-b1), PlaceholderAPI (2.11.6), PluginManager (2.8.1), Skulls (3.25.0), ViaBackwards (5.3.2), ViaRewind (4.0.7), ViaVersion (5.3.2)
[05:04:11] [ServerMain/INFO]: Environment: Environment[sessionHost=https://sessionserver.mojang.com, servicesHost=https://api.minecraftservices.com, name=PROD]
[05:04:11] [ServerMain/INFO]: Found new data pack file/bukkit, loading it automatically
[05:04:11] [ServerMain/INFO]: Found new data pack paper, loading it automatically
[05:04:12] [ServerMain/INFO]: No existing world data, creating new world
[05:04:12] [ServerMain/INFO]: Loaded 1290 recipes
[05:04:12] [ServerMain/INFO]: Loaded 1399 advancements
[05:04:12] [Server thread/INFO]: Starting minecraft server version 1.21.1
[05:04:12] [Server thread/INFO]: Loading properties
[05:04:13] [Server thread/INFO]: This server is running Paper version 1.21.1-57-master@b483da4 (2024-09-01T18:09:05Z) (Implementing API version 1.21.1-R0.1-SNAPSHOT)
[05:04:13] [Server thread/INFO]: [spark] This server bundles the spark profiler. For more information please visit https://docs.papermc.io/paper/profiling
[05:04:13] [Server thread/INFO]: Server Ping Player Sample Count: 12
[05:04:13] [Server thread/INFO]: Using 4 threads for Netty based IO
[05:04:14] [Server thread/INFO]: [ChunkTaskScheduler] Chunk system is using 1 I/O threads, 2 worker threads, and population gen parallelism of 2 threads
[05:04:14] [Server thread/INFO]: Default game type: SURVIVAL
[05:04:14] [Server thread/INFO]: Generating keypair
[05:04:14] [Server thread/INFO]: Starting Minecraft server on *:25565
[05:04:14] [Server thread/INFO]: Using epoll channel type
[05:04:14] [Server thread/INFO]: Paper: Using libdeflate (Linux x86_64) compression from Velocity.
[05:04:14] [Server thread/INFO]: Paper: Using OpenSSL 1.1.x (Linux x86_64) cipher from Velocity.
[05:04:15] [Server thread/INFO]: [ViaVersion] Loading server plugin ViaVersion v5.3.2
[05:04:15] [Server thread/INFO]: [ViaVersion] ViaVersion 5.3.2 is now loaded. Registering protocol transformers and injecting...
[05:04:16] [Via-Mappingloader-0/INFO]: [ViaVersion] Loading block connection mappings ...
[05:04:16] [Via-Mappingloader-0/INFO]: [ViaVersion] Using FastUtil Long2ObjectOpenHashMap for block connections
[05:04:17] [Server thread/INFO]: [ViaBackwards] Loading translations...
[05:04:17] [Server thread/INFO]: [ViaBackwards] Registering protocols...
[05:04:19] [Server thread/INFO]: [ViaRewind] Registering protocols...
[05:04:19] [Server thread/INFO]: [Skulls] Loading server plugin Skulls v3.25.0
[05:04:19] [Server thread/INFO]: [PlaceholderAPI] Loading server plugin PlaceholderAPI v2.11.6
[05:04:19] [Server thread/INFO]: [ViaBackwards] Loading server plugin ViaBackwards v5.3.2
[05:04:19] [Server thread/INFO]: [HC] Loading server plugin HythiumCore v1.0.0-b1
[05:04:19] [Server thread/INFO]: [PluginManager] Loading server plugin PluginManager v2.8.1
[05:04:19] [Server thread/INFO]: [ViaRewind] Loading server plugin ViaRewind v4.0.7
[05:04:19] [Server thread/INFO]: [HC] Enabling HythiumCore v1.0.0-b1
[05:04:19] [Server thread/INFO]: [HC] Base de datos está apagada.
[05:04:19] [Server thread/INFO]: [HC] Carpeta 'data/' creada con éxito.
[05:04:19] [Server thread/INFO]: [HC] Base de datos está apagada.
[05:04:19] [Server thread/INFO]: [PlaceholderAPI] Successfully registered internal expansion: hcl [1.0.0-b1]
[05:04:19] [Server thread/INFO]: [HC]
[05:04:19] [Server thread/INFO]: [HC] (2 dependencies found)
[05:04:19] [Server thread/INFO]: [HC]
[05:04:19] [Server thread/INFO]: [HC] ██╗  ██╗ ██████╗ ██████╗ ██████╗ ███████╗
[05:04:19] [Server thread/INFO]: [HC] ██║  ██║██╔════╝██╔═══██╗██╔══██╗██╔════╝
[05:04:19] [Server thread/INFO]: [HC] ███████║██║     ██║   ██║██████╔╝█████╗  
[05:04:19] [Server thread/INFO]: [HC] ██╔══██║██║     ██║   ██║██╔══██╗██╔══╝  
[05:04:19] [Server thread/INFO]: [HC] ██║  ██║╚██████╗╚██████╔╝██║  ██║███████╗
[05:04:19] [Server thread/INFO]: [HC] ╚═╝  ╚═╝ ╚═════╝ ╚═════╝ ╚═╝  ╚═╝╚══════╝
[05:04:19] [Server thread/INFO]: [HC] (¡Plugin enabled successfuly!)
[05:04:19] [Server thread/INFO]: [HC] 
[05:04:19] [Server thread/INFO]: [HC] Version: 1.0.0-b1
[05:04:19] [Server thread/INFO]: [HC] Author: [Zxldriz]
[05:04:19] [Server thread/INFO]: [HC] Server: 1.21.1
[05:04:19] [Server thread/INFO]: [HC] Made by: Hythium Studios ©
[05:04:19] [Server thread/INFO]: [HC]
[05:04:19] [Server thread/INFO]: [ViaRewind] Enabling ViaRewind v4.0.7
[05:04:19] [Server thread/WARN]: **** SERVER IS RUNNING IN OFFLINE/INSECURE MODE!
[05:04:19] [Server thread/WARN]: The server will make no attempt to authenticate usernames. Beware.
[05:04:19] [Server thread/WARN]: While this makes the game possible to play without internet access, it also opens up the ability for hackers to connect with any username they choose.
[05:04:19] [Server thread/WARN]: To change this, set "online-mode" to "true" in the server.properties file.
[05:04:19] [Server thread/INFO]: Preparing level "world"
[05:04:25] [Server thread/INFO]: Preparing start region for dimension minecraft:overworld
[05:04:27] [Server thread/INFO]: Time elapsed: 2270 ms
[05:04:27] [Server thread/INFO]: Preparing start region for dimension minecraft:the_nether
[05:04:28] [Server thread/INFO]: Time elapsed: 1102 ms
[05:04:28] [Server thread/INFO]: Preparing start region for dimension minecraft:the_end
[05:04:29] [Server thread/INFO]: Time elapsed: 457 ms
[05:04:29] [Server thread/INFO]: [ViaVersion] Enabling ViaVersion v5.3.2
[05:04:29] [Server thread/INFO]: [ViaVersion] ViaVersion detected server version: 1.21-1.21.1 (767)
[05:04:29] [Server thread/INFO]: [Skulls] Enabling Skulls v3.25.0
[05:04:29] [Server thread/INFO]:  
[05:04:29] [Server thread/INFO]: =============================
[05:04:29] [Server thread/INFO]: Skulls v3.25.0 by Tweetzy
[05:04:29] [Server thread/INFO]: Developer: Kiran Hart
[05:04:29] [Server thread/INFO]: Skulls » Setting up item economy provider
[05:04:29] [Server thread/INFO]: [FlightCore] Enabling metrics for Skulls
[05:04:29] [Server thread/INFO]: =============================
[05:04:29] [Server thread/INFO]:  
[05:04:29] [Server thread/INFO]: [PlaceholderAPI] Enabling PlaceholderAPI v2.11.6
[05:04:30] [Server thread/INFO]: [PlaceholderAPI] Fetching available expansion information...
[05:04:30] [Server thread/INFO]: [ViaBackwards] Enabling ViaBackwards v5.3.2
[05:04:30] [Server thread/INFO]: [PluginManager] Enabling PluginManager v2.8.1
[05:04:30] [Server thread/INFO]: [spark] Starting background profiler...
[05:04:30] [Server thread/INFO]: [PlaceholderAPI] Placeholder expansion registration initializing...
[05:04:30] [Server thread/INFO]: 0 placeholder hook(s) registered!
[05:04:30] [Server thread/INFO]: Done preparing level "world" (11.101s)
[05:04:30] [Server thread/INFO]: Running delayed init tasks
[05:04:30] [Craft Scheduler Thread - 2 - ViaVersion/INFO]: [ViaVersion] Finished mapping loading, shutting down loader executor.
[05:04:30] [Server thread/INFO]: Skulls » Could not find any skulls, attempting to redownload them!
[05:04:30] [Server thread/INFO]: Done (28.890s)! For help, type "help"
[05:04:30] [Server thread/INFO]: *************************************************************************************
[05:04:30] [Server thread/INFO]: This is the first time you're starting this server.
[05:04:30] [Server thread/INFO]: It's recommended you read our 'Getting Started' documentation for guidance.
[05:04:30] [Server thread/INFO]: View this and more helpful information here: https://docs.papermc.io/paper/next-steps
[05:04:30] [Server thread/INFO]: *************************************************************************************
[05:04:30] [Server thread/INFO]: Timings Reset
[05:04:30] [Craft Scheduler Thread - 2 - Skulls/INFO]: Skulls » Beginning initial download, it may take some time to insert all the skulls into the data file!
[05:04:30] [Craft Scheduler Thread - 0 - PluginManager/INFO]: PM | You are using the latest version of PluginManager.
[05:04:32] [Craft Scheduler Thread - 2 - Skulls/INFO]: Skulls » Downloaded 102792 skulls in 1,467.068ms
[05:04:33] [pool-22-thread-1/INFO]: Skulls » Finished inserting all heads into the data file!
[05:04:54] [User Authenticator #0/INFO]: UUID of player Zxldriz is 6fbc87f1-9200-3d35-9c66-6a3bc6528167
[05:04:58] [Server thread/INFO]: [HC] Archivo de datos creado para el jugador: Zxldriz
[05:04:58] [Server thread/INFO]: [+] Zxldriz Entro a ServerName
[05:04:58] [Server thread/INFO]: Zxldriz joined the game
[05:04:58] [Server thread/INFO]: Zxldriz[/127.31.43.226:36185] logged in with entity id 26 at ([world]-11.5, 63.0, -101.5)
[05:05:37] [Server thread/INFO]: Made Zxldriz a server operator
[05:05:48] [Server thread/INFO]: Zxldriz lost connection: Timed out
[05:05:48] [Server thread/INFO]: [-] Zxldriz Salio de ServerName
[05:05:48] [Server thread/INFO]: Zxldriz left the game
[05:05:56] [User Authenticator #1/INFO]: UUID of player Zxldriz is 6fbc87f1-9200-3d35-9c66-6a3bc6528167
[05:05:58] [Server thread/INFO]: [+] Zxldriz Entro a ServerName
[05:05:58] [Server thread/INFO]: Zxldriz joined the game
[05:05:58] [Server thread/INFO]: Zxldriz[/127.31.43.226:57023] logged in with entity id 507 at ([world]-18.614862266765385, 68.0, -143.7599910212341)
[05:06:10] [Server thread/INFO]: Zxldriz issued server command: /lang
[05:06:13] [Server thread/INFO]: Zxldriz issued server command: /lang es_ES
[05:06:13] [Server thread/INFO]: [HC] Idioma guardado en YAML para el jugador Zxldriz: es_ES
[05:06:22] [Server thread/INFO]: Zxldriz issued server command: /lang ja_JP
[05:06:22] [Server thread/INFO]: [HC] Idioma guardado en YAML para el jugador Zxldriz: ja_JP
[05:06:24] [Server thread/INFO]: Zxldriz issued server command: /lang es_ES
[05:06:24] [Server thread/INFO]: [HC] Idioma guardado en YAML para el jugador Zxldriz: es_ES
[05:06:30] [Server thread/INFO]: Zxldriz issued server command: /hc migrate
[05:06:30] [Server thread/INFO]: [HC] Iniciando migración de datos YAML...
[05:06:30] [Server thread/INFO]: [HC] Migración completada: 1 jugadores migrados.
[05:06:30] [Server thread/INFO]: [HC] Datos migrados:
[05:06:30] [Server thread/INFO]: [HC] - Idiomas de los jugadores (1 jugadores)
[05:06:30] [Server thread/INFO]: [HC] - Nombres y UUIDs de los jugadores (1 jugadores)
[05:07:27] [Server thread/INFO]: Zxldriz issued server command: /hc reload
[05:07:27] [Server thread/INFO]: [HC] Base de datos está apagada.
[05:07:30] [Server thread/INFO]: Zxldriz issued server command: /hc reload
[05:07:31] [Server thread/INFO]: Zxldriz issued server command: /hc
[05:07:32] [Server thread/INFO]: [NBTAPI] [NBTAPI] Found Minecraft: 1.21.1! Trying to find NMS support
[05:07:32] [Server thread/INFO]: [NBTAPI] [NBTAPI] NMS support 'MC1_21_R1' loaded!
[05:07:32] [Server thread/INFO]: [NBTAPI] [NBTAPI] Using the plugin 'Skulls' to create a bStats instance!
[05:07:32] [Server thread/INFO]: Environment: Environment[sessionHost=https://sessionserver.mojang.com, servicesHost=https://api.minecraftservices.com, name=PROD]
[05:07:36] [Server thread/WARN]: [HC] No se puede obtener el idioma: la base de datos no está habilitada.
[05:07:39] [Server thread/WARN]: [HC] No se puede obtener el idioma: la base de datos no está habilitada.
[05:07:41] [Server thread/WARN]: [HC] No se puede obtener el idioma: la base de datos no está habilitada.
[05:07:52] [Server thread/WARN]: [HC] No se puede obtener el idioma: la base de datos no está habilitada.
[05:07:52] [Server thread/INFO]: [HC] Iniciando migración de datos YAML...
[05:07:52] [Server thread/WARN]: [HC] No se puede obtener el idioma: la base de datos no está habilitada.
[05:07:52] [Server thread/INFO]: [HC] Migración completada: 1 jugadores migrados.
[05:07:52] [Server thread/INFO]: [HC] Datos migrados:
[05:07:52] [Server thread/INFO]: [HC] - Idiomas de los jugadores (1 jugadores)
[05:07:52] [Server thread/INFO]: [HC] - Nombres y UUIDs de los jugadores (1 jugadores)
[05:07:55] [Server thread/INFO]: Zxldriz issued server command: /hc
[05:07:56] [Server thread/WARN]: [HC] No se puede obtener el idioma: la base de datos no está habilitada.
[05:08:10] [Server thread/INFO]: Zxldriz issued server command: /lang
[05:08:17] [Server thread/INFO]: Zxldriz issued server command: /skulls
[05:08:24] [Server thread/INFO]: Zxldriz issued server command: /lang
[05:08:28] [Server thread/INFO]: [HC] Idioma guardado en YAML para el jugador Zxldriz: en_EN
[05:08:30] [Server thread/INFO]: Zxldriz issued server command: /lang
[05:08:35] [Server thread/INFO]: [HC] Idioma guardado en YAML para el jugador Zxldriz: es_ES
[05:08:36] [Server thread/INFO]: Zxldriz issued server command: /lang
[05:08:45] [Server thread/INFO]: Zxldriz lost connection: Disconnected
[05:08:45] [Server thread/INFO]: [-] Zxldriz Salio de ServerName
[05:08:45] [Server thread/INFO]: Zxldriz left the game
